

============================== 2023-04-15 16:08:18.750207 | 6dcb63e8-d049-4831-8254-8b644eba379d ==============================
[0m16:08:18.750207 [info ] [MainThread]: Running with dbt=1.4.5
[0m16:08:18.750207 [debug] [MainThread]: running dbt with arguments {'write_json': True, 'use_colors': True, 'printer_width': 80, 'version_check': True, 'partial_parse': True, 'static_parser': True, 'profiles_dir': 'C:\\Users\\joest\\.dbt', 'send_anonymous_usage_stats': True, 'quiet': False, 'no_print': False, 'cache_selected_only': False, 'project_name': 'dbt_learning', 'skip_profile_setup': False, 'which': 'init', 'indirect_selection': 'eager'}
[0m16:08:18.750207 [debug] [MainThread]: Tracking: tracking
[0m16:08:18.765879 [debug] [MainThread]: Sending event: {'category': 'dbt', 'action': 'invocation', 'label': 'start', 'context': [<snowplow_tracker.self_describing_json.SelfDescribingJson object at 0x000001AB2EFB6DA0>, <snowplow_tracker.self_describing_json.SelfDescribingJson object at 0x000001AB2EFB73D0>, <snowplow_tracker.self_describing_json.SelfDescribingJson object at 0x000001AB2EFB5480>]}
[0m16:08:18.765879 [info ] [MainThread]: Creating dbt configuration folder at C:\Users\joest\.dbt
[0m16:08:18.781631 [debug] [MainThread]: Starter project path: C:\Users\joest\AppData\Local\Programs\Python\Python310\lib\site-packages\dbt\include\starter_project
[0m16:12:03.259852 [info ] [MainThread]: Profile dbt_learning written to C:\Users\joest\.dbt\profiles.yml using target's profile_template.yml and your supplied values. Run 'dbt debug' to validate the connection.
[0m16:12:03.259852 [info ] [MainThread]: 
Your new dbt project "dbt_learning" was created!

For more information on how to configure the profiles.yml file,
please consult the dbt documentation here:

  https://docs.getdbt.com/docs/configure-your-profile

One more thing:

Need help? Don't hesitate to reach out to us via GitHub issues or on Slack:

  https://community.getdbt.com/

Happy modeling!

[0m16:12:03.275267 [debug] [MainThread]: Sending event: {'category': 'dbt', 'action': 'invocation', 'label': 'end', 'context': [<snowplow_tracker.self_describing_json.SelfDescribingJson object at 0x000001AB2EFB5A80>, <snowplow_tracker.self_describing_json.SelfDescribingJson object at 0x000001AB2EFB5F30>, <snowplow_tracker.self_describing_json.SelfDescribingJson object at 0x000001AB2EFB5AE0>]}
[0m16:12:03.275267 [debug] [MainThread]: Flushing usage events


============================== 2023-04-15 16:27:58.874716 | 05d9c5bc-6a92-4f06-9bd9-23e3776ab607 ==============================
[0m16:27:58.874716 [info ] [MainThread]: Running with dbt=1.4.5
[0m16:27:58.874716 [debug] [MainThread]: running dbt with arguments {'write_json': True, 'use_colors': True, 'printer_width': 80, 'version_check': True, 'partial_parse': True, 'static_parser': True, 'profiles_dir': 'C:\\Users\\joest\\.dbt', 'send_anonymous_usage_stats': True, 'quiet': False, 'no_print': False, 'cache_selected_only': False, 'config_dir': False, 'which': 'debug', 'indirect_selection': 'eager'}
[0m16:27:58.874716 [debug] [MainThread]: Tracking: tracking
[0m16:27:58.924987 [debug] [MainThread]: Sending event: {'category': 'dbt', 'action': 'invocation', 'label': 'start', 'context': [<snowplow_tracker.self_describing_json.SelfDescribingJson object at 0x0000013E50774CD0>, <snowplow_tracker.self_describing_json.SelfDescribingJson object at 0x0000013E50776B30>, <snowplow_tracker.self_describing_json.SelfDescribingJson object at 0x0000013E50777700>]}
[0m16:27:59.908643 [debug] [MainThread]: Executing "git --help"
[0m16:28:00.044480 [debug] [MainThread]: STDOUT: "b"usage: git [-v | --version] [-h | --help] [-C <path>] [-c <name>=<value>]\n           [--exec-path[=<path>]] [--html-path] [--man-path] [--info-path]\n           [-p | --paginate | -P | --no-pager] [--no-replace-objects] [--bare]\n           [--git-dir=<path>] [--work-tree=<path>] [--namespace=<name>]\n           [--super-prefix=<path>] [--config-env=<name>=<envvar>]\n           <command> [<args>]\n\nThese are common Git commands used in various situations:\n\nstart a working area (see also: git help tutorial)\n   clone     Clone a repository into a new directory\n   init      Create an empty Git repository or reinitialize an existing one\n\nwork on the current change (see also: git help everyday)\n   add       Add file contents to the index\n   mv        Move or rename a file, a directory, or a symlink\n   restore   Restore working tree files\n   rm        Remove files from the working tree and from the index\n\nexamine the history and state (see also: git help revisions)\n   bisect    Use binary search to find the commit that introduced a bug\n   diff      Show changes between commits, commit and working tree, etc\n   grep      Print lines matching a pattern\n   log       Show commit logs\n   show      Show various types of objects\n   status    Show the working tree status\n\ngrow, mark and tweak your common history\n   branch    List, create, or delete branches\n   commit    Record changes to the repository\n   merge     Join two or more development histories together\n   rebase    Reapply commits on top of another base tip\n   reset     Reset current HEAD to the specified state\n   switch    Switch branches\n   tag       Create, list, delete or verify a tag object signed with GPG\n\ncollaborate (see also: git help workflows)\n   fetch     Download objects and refs from another repository\n   pull      Fetch from and integrate with another repository or a local branch\n   push      Update remote refs along with associated objects\n\n'git help -a' and 'git help -g' list available subcommands and some\nconcept guides. See 'git help <command>' or 'git help <concept>'\nto read about a specific subcommand or concept.\nSee 'git help git' for an overview of the system.\n""
[0m16:28:00.044480 [debug] [MainThread]: STDERR: "b''"
[0m16:28:00.052479 [debug] [MainThread]: Acquiring new snowflake connection 'debug'
[0m16:28:00.052479 [debug] [MainThread]: Using snowflake connection "debug"
[0m16:28:00.052479 [debug] [MainThread]: On debug: select 1 as id
[0m16:28:00.052479 [debug] [MainThread]: Opening a new connection, currently in state init
[0m16:28:02.230347 [debug] [MainThread]: Snowflake adapter: Error running SQL: select 1 as id
[0m16:28:02.230347 [debug] [MainThread]: Snowflake adapter: Rolling back transaction.
[0m16:28:02.230347 [debug] [MainThread]: On debug: No close available on handle
[0m16:28:02.243101 [debug] [MainThread]: Sending event: {'category': 'dbt', 'action': 'invocation', 'label': 'end', 'context': [<snowplow_tracker.self_describing_json.SelfDescribingJson object at 0x0000013E51228CA0>, <snowplow_tracker.self_describing_json.SelfDescribingJson object at 0x0000013E51229300>, <snowplow_tracker.self_describing_json.SelfDescribingJson object at 0x0000013E51228340>]}
[0m16:28:02.243101 [debug] [MainThread]: Flushing usage events
[0m16:28:02.760350 [debug] [MainThread]: Connection 'debug' was properly closed.


============================== 2023-04-15 16:29:00.723462 | 4c4a5478-b937-4b88-876c-9071f8bf739f ==============================
[0m16:29:00.723462 [info ] [MainThread]: Running with dbt=1.4.5
[0m16:29:00.723462 [debug] [MainThread]: running dbt with arguments {'write_json': True, 'use_colors': True, 'printer_width': 80, 'version_check': True, 'partial_parse': True, 'static_parser': True, 'profiles_dir': 'C:\\Users\\joest\\.dbt', 'send_anonymous_usage_stats': True, 'quiet': False, 'no_print': False, 'cache_selected_only': False, 'config_dir': False, 'which': 'debug', 'indirect_selection': 'eager'}
[0m16:29:00.723462 [debug] [MainThread]: Tracking: tracking
[0m16:29:00.763486 [debug] [MainThread]: Sending event: {'category': 'dbt', 'action': 'invocation', 'label': 'start', 'context': [<snowplow_tracker.self_describing_json.SelfDescribingJson object at 0x000002C0B6746FE0>, <snowplow_tracker.self_describing_json.SelfDescribingJson object at 0x000002C0B6747370>, <snowplow_tracker.self_describing_json.SelfDescribingJson object at 0x000002C0B6745420>]}
[0m16:29:00.771495 [debug] [MainThread]: Executing "git --help"
[0m16:29:00.885202 [debug] [MainThread]: STDOUT: "b"usage: git [-v | --version] [-h | --help] [-C <path>] [-c <name>=<value>]\n           [--exec-path[=<path>]] [--html-path] [--man-path] [--info-path]\n           [-p | --paginate | -P | --no-pager] [--no-replace-objects] [--bare]\n           [--git-dir=<path>] [--work-tree=<path>] [--namespace=<name>]\n           [--super-prefix=<path>] [--config-env=<name>=<envvar>]\n           <command> [<args>]\n\nThese are common Git commands used in various situations:\n\nstart a working area (see also: git help tutorial)\n   clone     Clone a repository into a new directory\n   init      Create an empty Git repository or reinitialize an existing one\n\nwork on the current change (see also: git help everyday)\n   add       Add file contents to the index\n   mv        Move or rename a file, a directory, or a symlink\n   restore   Restore working tree files\n   rm        Remove files from the working tree and from the index\n\nexamine the history and state (see also: git help revisions)\n   bisect    Use binary search to find the commit that introduced a bug\n   diff      Show changes between commits, commit and working tree, etc\n   grep      Print lines matching a pattern\n   log       Show commit logs\n   show      Show various types of objects\n   status    Show the working tree status\n\ngrow, mark and tweak your common history\n   branch    List, create, or delete branches\n   commit    Record changes to the repository\n   merge     Join two or more development histories together\n   rebase    Reapply commits on top of another base tip\n   reset     Reset current HEAD to the specified state\n   switch    Switch branches\n   tag       Create, list, delete or verify a tag object signed with GPG\n\ncollaborate (see also: git help workflows)\n   fetch     Download objects and refs from another repository\n   pull      Fetch from and integrate with another repository or a local branch\n   push      Update remote refs along with associated objects\n\n'git help -a' and 'git help -g' list available subcommands and some\nconcept guides. See 'git help <command>' or 'git help <concept>'\nto read about a specific subcommand or concept.\nSee 'git help git' for an overview of the system.\n""
[0m16:29:00.900940 [debug] [MainThread]: STDERR: "b''"
[0m16:29:00.900940 [debug] [MainThread]: Sending event: {'category': 'dbt', 'action': 'invocation', 'label': 'end', 'context': [<snowplow_tracker.self_describing_json.SelfDescribingJson object at 0x000002C0B6747D30>, <snowplow_tracker.self_describing_json.SelfDescribingJson object at 0x000002C0B6745EA0>, <snowplow_tracker.self_describing_json.SelfDescribingJson object at 0x000002C0B6744B80>]}
[0m16:29:00.903928 [debug] [MainThread]: Flushing usage events
